::1 - - [07/Apr/2024:15:06:03 +0000] "GET / HTTP/1.1" 200 9199
::1 - - [07/Apr/2024:15:06:03 +0000] "GET /css/styles.css HTTP/1.1" 200 2512
::1 - - [07/Apr/2024:15:06:03 +0000] "GET /css/bootstrap.min.css HTTP/1.1" 200 109518
::1 - - [07/Apr/2024:15:06:03 +0000] "GET /js/bootstrap.min.js HTTP/1.1" 200 31819
::1 - - [07/Apr/2024:15:06:03 +0000] "GET /fonts/glyphicons-halflings-regular.woff HTTP/1.1" 404 178
::1 - - [07/Apr/2024:15:06:03 +0000] "GET /fonts/glyphicons-halflings-regular.ttf HTTP/1.1" 404 177
::1 - - [07/Apr/2024:15:06:04 +0000] "GET /favicon.ico HTTP/1.1" 404 150
::1 - - [07/Apr/2024:15:07:57 +0000] "GET /category HTTP/1.1" 200 4689
::1 - - [07/Apr/2024:15:07:57 +0000] "GET /css/bootstrap.min.css HTTP/1.1" 304 -
::1 - - [07/Apr/2024:15:07:57 +0000] "GET /css/styles.css HTTP/1.1" 304 -
::1 - - [07/Apr/2024:15:07:57 +0000] "GET /js/bootstrap.min.js HTTP/1.1" 304 -
::1 - - [07/Apr/2024:15:07:57 +0000] "GET /fonts/glyphicons-halflings-regular.woff HTTP/1.1" 404 178
::1 - - [07/Apr/2024:15:07:57 +0000] "GET /fonts/glyphicons-halflings-regular.ttf HTTP/1.1" 404 177
::1 - - [07/Apr/2024:15:08:01 +0000] "GET /products HTTP/1.1" 200 4695
::1 - - [07/Apr/2024:15:08:01 +0000] "GET /css/bootstrap.min.css HTTP/1.1" 304 -
::1 - - [07/Apr/2024:15:08:01 +0000] "GET /css/styles.css HTTP/1.1" 304 -
::1 - - [07/Apr/2024:15:08:01 +0000] "GET /js/bootstrap.min.js HTTP/1.1" 304 -
::1 - - [07/Apr/2024:15:08:01 +0000] "GET /fonts/glyphicons-halflings-regular.woff HTTP/1.1" 404 178
::1 - - [07/Apr/2024:15:08:01 +0000] "GET /fonts/glyphicons-halflings-regular.ttf HTTP/1.1" 404 177
::1 - - [07/Apr/2024:15:11:23 +0000] "GET /products HTTP/1.1" 200 43641
::1 - - [07/Apr/2024:15:11:23 +0000] "GET /css/bootstrap.min.css HTTP/1.1" 304 -
::1 - - [07/Apr/2024:15:11:23 +0000] "GET /css/styles.css HTTP/1.1" 304 -
::1 - - [07/Apr/2024:15:11:23 +0000] "GET /js/bootstrap.min.js HTTP/1.1" 304 -
::1 - - [07/Apr/2024:15:11:23 +0000] "GET /fonts/glyphicons-halflings-regular.woff HTTP/1.1" 404 178
::1 - - [07/Apr/2024:15:11:23 +0000] "GET /fonts/glyphicons-halflings-regular.ttf HTTP/1.1" 404 177
::1 - - [07/Apr/2024:15:11:24 +0000] "GET /category HTTP/1.1" 200 8179
::1 - - [07/Apr/2024:15:11:24 +0000] "GET /css/bootstrap.min.css HTTP/1.1" 304 -
::1 - - [07/Apr/2024:15:11:24 +0000] "GET /css/styles.css HTTP/1.1" 304 -
::1 - - [07/Apr/2024:15:11:24 +0000] "GET /js/bootstrap.min.js HTTP/1.1" 304 -
::1 - - [07/Apr/2024:15:11:25 +0000] "GET /fonts/glyphicons-halflings-regular.woff HTTP/1.1" 404 178
::1 - - [07/Apr/2024:15:11:25 +0000] "GET /fonts/glyphicons-halflings-regular.ttf HTTP/1.1" 404 177
::1 - - [07/Apr/2024:15:11:26 +0000] "GET / HTTP/1.1" 304 -
::1 - - [07/Apr/2024:15:11:26 +0000] "GET /css/bootstrap.min.css HTTP/1.1" 304 -
::1 - - [07/Apr/2024:15:11:26 +0000] "GET /css/styles.css HTTP/1.1" 304 -
::1 - - [07/Apr/2024:15:11:26 +0000] "GET /js/bootstrap.min.js HTTP/1.1" 304 -
::1 - - [07/Apr/2024:15:11:26 +0000] "GET /fonts/glyphicons-halflings-regular.woff HTTP/1.1" 404 178
::1 - - [07/Apr/2024:15:11:26 +0000] "GET /fonts/glyphicons-halflings-regular.ttf HTTP/1.1" 404 177
